# JRE version: Java(TM) SE Runtime Environment (16.0.2+7) (build 16.0.2+7-67)
# Java VM: Java HotSpot(TM) 64-Bit Server VM (16.0.2+7-67, mixed mode, sharing, tiered, compressed oops, compressed class ptrs, g1 gc, windows-amd64)
GC Precious Log:
 CPUs: 4 total, 4 available
 Memory: 8097M
 Large Page Support: Disabled
 NUMA Support: Disabled
 Compressed Oops: Enabled (32-bit)
 Heap Region Size: 1M
 Heap Min Capacity: 8M
 Heap Initial Capacity: 128M
 Heap Max Capacity: 2026M
 Pre-touch: Disabled
 Parallel Workers: 4
 Concurrent Workers: 1
 Concurrent Refinement Workers: 4
 Periodic GC: Disabled
Heap:
 garbage-first heap   total 130048K, used 92145K [0x0000000081600000, 0x0000000100000000)
  region size 1024K, 34 young (34816K), 2 survivors (2048K)
 Metaspace       used 31723K, committed 32064K, reserved 1081344K
  class space    used 3526K, committed 3712K, reserved 1048576K
GC Heap History (20 events):
Event: 7.010 GC heap before
{Heap before GC invocations=3 (full 0):
 garbage-first heap   total 131072K, used 80381K [0x0000000081600000, 0x0000000100000000)
  region size 1024K, 76 young (77824K), 8 survivors (8192K)
 Metaspace       used 16784K, committed 17024K, reserved 1064960K
  class space    used 1809K, committed 1920K, reserved 1048576K
}
Event: 7.028 GC heap after
{Heap after GC invocations=4 (full 0):
 garbage-first heap   total 131072K, used 14639K [0x0000000081600000, 0x0000000100000000)
  region size 1024K, 5 young (5120K), 5 survivors (5120K)
 Metaspace       used 16784K, committed 17024K, reserved 1064960K
  class space    used 1809K, committed 1920K, reserved 1048576K
}
Event: 7.264 GC heap before
{Heap before GC invocations=4 (full 0):
 garbage-first heap   total 131072K, used 19759K [0x0000000081600000, 0x0000000100000000)
  region size 1024K, 11 young (11264K), 5 survivors (5120K)
 Metaspace       used 21010K, committed 21248K, reserved 1073152K
  class space    used 2345K, committed 2496K, reserved 1048576K
}
Event: 7.270 GC heap after
{Heap after GC invocations=5 (full 0):
 garbage-first heap   total 131072K, used 15574K [0x0000000081600000, 0x0000000100000000)
  region size 1024K, 6 young (6144K), 6 survivors (6144K)
 Metaspace       used 21010K, committed 21248K, reserved 1073152K
  class space    used 2345K, committed 2496K, reserved 1048576K
}
Event: 8.012 GC heap before
{Heap before GC invocations=6 (full 0):
 garbage-first heap   total 58368K, used 44246K [0x0000000081600000, 0x0000000100000000)
  region size 1024K, 34 young (34816K), 6 survivors (6144K)
 Metaspace       used 23094K, committed 23424K, reserved 1073152K
  class space    used 2555K, committed 2688K, reserved 1048576K
}
Event: 8.032 GC heap after
{Heap after GC invocations=7 (full 0):
 garbage-first heap   total 58368K, used 23231K [0x0000000081600000, 0x0000000100000000)
  region size 1024K, 5 young (5120K), 5 survivors (5120K)
 Metaspace       used 23094K, committed 23424K, reserved 1073152K
  class space    used 2555K, committed 2688K, reserved 1048576K
}
Event: 8.704 GC heap before
{Heap before GC invocations=7 (full 0):
 garbage-first heap   total 58368K, used 42687K [0x0000000081600000, 0x0000000100000000)
  region size 1024K, 24 young (24576K), 5 survivors (5120K)
 Metaspace       used 24806K, committed 25088K, reserved 1073152K
  class space    used 2762K, committed 2880K, reserved 1048576K
}
Event: 8.718 GC heap after
{Heap after GC invocations=8 (full 0):
 garbage-first heap   total 58368K, used 25007K [0x0000000081600000, 0x0000000100000000)
  region size 1024K, 3 young (3072K), 3 survivors (3072K)
 Metaspace       used 24806K, committed 25088K, reserved 1073152K
  class space    used 2762K, committed 2880K, reserved 1048576K
}
Event: 8.976 GC heap before
{Heap before GC invocations=8 (full 0):
 garbage-first heap   total 58368K, used 41391K [0x0000000081600000, 0x0000000100000000)
  region size 1024K, 20 young (20480K), 3 survivors (3072K)
 Metaspace       used 24870K, committed 25088K, reserved 1073152K
  class space    used 2762K, committed 2880K, reserved 1048576K
}
Event: 8.989 GC heap after
{Heap after GC invocations=9 (full 0):
 garbage-first heap   total 70656K, used 31663K [0x0000000081600000, 0x0000000100000000)
  region size 1024K, 3 young (3072K), 3 survivors (3072K)
 Metaspace       used 24870K, committed 25088K, reserved 1073152K
  class space    used 2762K, committed 2880K, reserved 1048576K
}
Event: 9.283 GC heap before
{Heap before GC invocations=9 (full 0):
 garbage-first heap   total 70656K, used 52143K [0x0000000081600000, 0x0000000100000000)
  region size 1024K, 22 young (22528K), 3 survivors (3072K)
 Metaspace       used 24902K, committed 25152K, reserved 1073152K
  class space    used 2762K, committed 2880K, reserved 1048576K
}
Event: 9.294 GC heap after
{Heap after GC invocations=10 (full 0):
 garbage-first heap   total 70656K, used 37807K [0x0000000081600000, 0x0000000100000000)
  region size 1024K, 3 young (3072K), 3 survivors (3072K)
 Metaspace       used 24902K, committed 25152K, reserved 1073152K
  class space    used 2762K, committed 2880K, reserved 1048576K
}
Event: 10.239 GC heap before
{Heap before GC invocations=10 (full 0):
 garbage-first heap   total 70656K, used 52143K [0x0000000081600000, 0x0000000100000000)
  region size 1024K, 17 young (17408K), 3 survivors (3072K)
 Metaspace       used 25380K, committed 25600K, reserved 1073152K
  class space    used 2802K, committed 2880K, reserved 1048576K
}
Event: 10.248 GC heap after
{Heap after GC invocations=11 (full 0):
 garbage-first heap   total 70656K, used 39741K [0x0000000081600000, 0x0000000100000000)
  region size 1024K, 2 young (2048K), 2 survivors (2048K)
 Metaspace       used 25380K, committed 25600K, reserved 1073152K
  class space    used 2802K, committed 2880K, reserved 1048576K
}
Event: 10.548 GC heap before
{Heap before GC invocations=12 (full 0):
 garbage-first heap   total 73728K, used 53053K [0x0000000081600000, 0x0000000100000000)
  region size 1024K, 15 young (15360K), 2 survivors (2048K)
 Metaspace       used 26098K, committed 26368K, reserved 1073152K
  class space    used 2870K, committed 3008K, reserved 1048576K
}
Event: 10.554 GC heap after
{Heap after GC invocations=13 (full 0):
 garbage-first heap   total 73728K, used 40809K [0x0000000081600000, 0x0000000100000000)
  region size 1024K, 1 young (1024K), 1 survivors (1024K)
 Metaspace       used 26098K, committed 26368K, reserved 1073152K
  class space    used 2870K, committed 3008K, reserved 1048576K
}
Event: 10.576 GC heap before
{Heap before GC invocations=13 (full 0):
 garbage-first heap   total 73728K, used 42857K [0x0000000081600000, 0x0000000100000000)
  region size 1024K, 3 young (3072K), 1 survivors (1024K)
 Metaspace       used 26105K, committed 26368K, reserved 1073152K
  class space    used 2870K, committed 3008K, reserved 1048576K
}
Event: 10.583 GC heap after
{Heap after GC invocations=14 (full 0):
 garbage-first heap   total 73728K, used 34839K [0x0000000081600000, 0x0000000100000000)
  region size 1024K, 1 young (1024K), 1 survivors (1024K)
 Metaspace       used 26105K, committed 26368K, reserved 1073152K
  class space    used 2870K, committed 3008K, reserved 1048576K
}
Event: 19.972 GC heap before
{Heap before GC invocations=14 (full 0):
 garbage-first heap   total 73728K, used 54295K [0x0000000081600000, 0x0000000100000000)
  region size 1024K, 20 young (20480K), 1 survivors (1024K)
 Metaspace       used 27366K, committed 27648K, reserved 1081344K
  class space    used 2981K, committed 3136K, reserved 1048576K
}
Event: 19.979 GC heap after
{Heap after GC invocations=15 (full 0):
 garbage-first heap   total 147456K, used 35825K [0x0000000081600000, 0x0000000100000000)
  region size 1024K, 2 young (2048K), 2 survivors (2048K)
 Metaspace       used 27366K, committed 27648K, reserved 1081344K
  class space    used 2981K, committed 3136K, reserved 1048576K
}

